2025-04-15 10:29:50,470 - db_sync - INFO - =============== 周期性同步 ===============
2025-04-15 10:29:50,470 - db_sync - INFO - 开始定期同步任务，同步间隔: 60 秒
2025-04-15 10:29:50,471 - db_sync - INFO - 开始同步任务 - 2025-04-15 10:29:50.471874
2025-04-15 10:30:07,688 - db_sync - INFO - 成功连接到源数据库 173.162.1.153:3306
2025-04-15 10:30:07,763 - db_sync - INFO - 成功连接到目标数据库 127.0.0.1:3306
2025-04-15 10:30:07,763 - db_sync - INFO - 开始同步, 共 3 个表: tester, brand, schedule
2025-04-15 10:30:07,763 - db_sync - INFO - 正在同步表 tester
2025-04-15 10:30:16,650 - db_sync - INFO - 表 tester 没有数据，跳过同步
2025-04-15 10:30:16,650 - db_sync - INFO - 正在同步表 brand
2025-04-15 10:30:25,287 - db_sync - INFO - 已同步表 brand 的 6/6 行数据
2025-04-15 10:30:25,287 - db_sync - INFO - 正在同步表 schedule
2025-04-15 10:30:27,403 - db_sync - INFO - 表 schedule 没有数据，跳过同步
2025-04-15 10:30:27,403 - db_sync - INFO - 同步完成, 成功同步 3/3 个表
2025-04-15 10:30:27,404 - db_sync - INFO - 等待 23.07 秒进行下一次同步
2025-04-15 10:30:50,473 - db_sync - INFO - 开始同步任务 - 2025-04-15 10:30:50.473186
2025-04-15 10:30:52,755 - db_sync - INFO - 成功连接到源数据库 173.162.1.153:3306
2025-04-15 10:30:52,757 - db_sync - INFO - 成功连接到目标数据库 127.0.0.1:3306
2025-04-15 10:30:52,758 - db_sync - INFO - 开始同步, 共 3 个表: tester, brand, schedule
2025-04-15 10:30:52,758 - db_sync - INFO - 正在同步表 tester
2025-04-15 10:30:53,636 - db_sync - INFO - 表 tester 没有数据，跳过同步
2025-04-15 10:30:53,636 - db_sync - INFO - 正在同步表 brand
2025-04-15 10:30:54,981 - db_sync - INFO - 已同步表 brand 的 6/6 行数据
2025-04-15 10:30:54,981 - db_sync - INFO - 正在同步表 schedule
2025-04-15 10:30:55,581 - db_sync - INFO - 表 schedule 没有数据，跳过同步
2025-04-15 10:30:55,582 - db_sync - INFO - 同步完成, 成功同步 3/3 个表
2025-04-15 10:30:55,582 - db_sync - INFO - 等待 54.89 秒进行下一次同步
2025-04-15 10:32:18,011 - db_sync - INFO - 同步一次
2025-04-15 10:32:19,746 - db_sync - INFO - 成功连接到源数据库 173.162.1.153:3306
2025-04-15 10:32:19,751 - db_sync - INFO - 成功连接到目标数据库 127.0.0.1:3306
2025-04-15 10:32:19,751 - db_sync - INFO - 开始同步, 共 3 个表: tester, brand, schedule
2025-04-15 10:32:19,751 - db_sync - INFO - 正在同步表 tester
2025-04-15 10:32:20,134 - db_sync - INFO - 表 tester 没有数据，跳过同步
2025-04-15 10:32:20,134 - db_sync - INFO - 正在同步表 brand
2025-04-15 10:32:20,744 - db_sync - INFO - 已同步表 brand 的 6/6 行数据
2025-04-15 10:32:20,744 - db_sync - INFO - 正在同步表 schedule
2025-04-15 10:32:21,702 - db_sync - INFO - 表 schedule 没有数据，跳过同步
2025-04-15 10:32:21,702 - db_sync - INFO - 同步完成, 成功同步 3/3 个表
2025-04-15 10:42:12,842 - db_sync - INFO - 同步一次
2025-04-15 10:42:13,136 - db_sync - INFO - 成功连接到源数据库 173.162.1.153:3306
2025-04-15 10:42:13,146 - db_sync - INFO - 成功连接到目标数据库 127.0.0.1:3306
2025-04-15 10:42:13,147 - db_sync - INFO - 开始同步, 共 3 个表: tester, brand, schedule
2025-04-15 10:42:13,147 - db_sync - INFO - 正在同步表 tester
2025-04-15 10:42:13,186 - db_sync - INFO - 表 tester 没有数据，跳过同步
2025-04-15 10:42:13,186 - db_sync - INFO - 正在同步表 brand
2025-04-15 10:42:13,746 - db_sync - INFO - 已同步表 brand 的 6/6 行数据
2025-04-15 10:42:13,746 - db_sync - INFO - 正在同步表 schedule
2025-04-15 10:42:13,790 - db_sync - INFO - 表 schedule 没有数据，跳过同步
2025-04-15 10:42:13,791 - db_sync - INFO - 同步完成, 成功同步 3/3 个表
